# JRE version: OpenJDK Runtime Environment (8.0_222-b10) (build 1.8.0_222-8u222-b10-1ubuntu1~18.04.1-b10)
# Java VM: OpenJDK 64-Bit Server VM (25.222-b10 mixed mode linux-amd64 compressed oops)
Heap:
 PSYoungGen      total 152064K, used 109741K [0x00000000f5580000, 0x0000000100000000, 0x0000000100000000)
  eden space 137728K, 79% used [0x00000000f5580000,0x00000000fc0ab440,0x00000000fdc00000)
  from space 14336K, 0% used [0x00000000fea00000,0x00000000fea00000,0x00000000ff800000)
  to   space 14336K, 0% used [0x00000000fdc00000,0x00000000fdc00000,0x00000000fea00000)
 ParOldGen       total 175616K, used 17626K [0x00000000e0000000, 0x00000000eab80000, 0x00000000f5580000)
  object space 175616K, 10% used [0x00000000e0000000,0x00000000e1136b60,0x00000000eab80000)
 Metaspace       used 44593K, capacity 45662K, committed 45824K, reserved 1089536K
  class space    used 5982K, capacity 6330K, committed 6400K, reserved 1048576K
GC Heap History (10 events):
Event: 1.277 GC heap before
{Heap before GC invocations=4 (full 1):
 PSYoungGen      total 76288K, used 10746K [0x00000000f5580000, 0x00000000fea80000, 0x0000000100000000)
  eden space 65536K, 0% used [0x00000000f5580000,0x00000000f5580000,0x00000000f9580000)
  from space 10752K, 99% used [0x00000000f9580000,0x00000000f9ffeac0,0x00000000fa000000)
  to   space 10752K, 0% used [0x00000000fe000000,0x00000000fe000000,0x00000000fea80000)
 ParOldGen       total 175104K, used 1003K [0x00000000e0000000, 0x00000000eab00000, 0x00000000f5580000)
  object space 175104K, 0% used [0x00000000e0000000,0x00000000e00fade0,0x00000000eab00000)
 Metaspace       used 20667K, capacity 20954K, committed 21248K, reserved 1067008K
  class space    used 2832K, capacity 2961K, committed 3072K, reserved 1048576K
Event: 1.298 GC heap after
Heap after GC invocations=4 (full 1):
 PSYoungGen      total 76288K, used 0K [0x00000000f5580000, 0x00000000fea80000, 0x0000000100000000)
  eden space 65536K, 0% used [0x00000000f5580000,0x00000000f5580000,0x00000000f9580000)
  from space 10752K, 0% used [0x00000000f9580000,0x00000000f9580000,0x00000000fa000000)
  to   space 10752K, 0% used [0x00000000fe000000,0x00000000fe000000,0x00000000fea80000)
 ParOldGen       total 175104K, used 11292K [0x00000000e0000000, 0x00000000eab00000, 0x00000000f5580000)
  object space 175104K, 6% used [0x00000000e0000000,0x00000000e0b07090,0x00000000eab00000)
 Metaspace       used 20667K, capacity 20954K, committed 21248K, reserved 1067008K
  class space    used 2832K, capacity 2961K, committed 3072K, reserved 1048576K
}
Event: 2.546 GC heap before
{Heap before GC invocations=5 (full 1):
 PSYoungGen      total 76288K, used 65536K [0x00000000f5580000, 0x00000000fea80000, 0x0000000100000000)
  eden space 65536K, 100% used [0x00000000f5580000,0x00000000f9580000,0x00000000f9580000)
  from space 10752K, 0% used [0x00000000f9580000,0x00000000f9580000,0x00000000fa000000)
  to   space 10752K, 0% used [0x00000000fe000000,0x00000000fe000000,0x00000000fea80000)
 ParOldGen       total 175104K, used 11292K [0x00000000e0000000, 0x00000000eab00000, 0x00000000f5580000)
  object space 175104K, 6% used [0x00000000e0000000,0x00000000e0b07090,0x00000000eab00000)
 Metaspace       used 27151K, capacity 27702K, committed 27904K, reserved 1073152K
  class space    used 3610K, capacity 3822K, committed 3840K, reserved 1048576K
Event: 2.551 GC heap after
Heap after GC invocations=5 (full 1):
 PSYoungGen      total 101888K, used 7471K [0x00000000f5580000, 0x00000000fe780000, 0x0000000100000000)
  eden space 94208K, 0% used [0x00000000f5580000,0x00000000f5580000,0x00000000fb180000)
  from space 7680K, 97% used [0x00000000fe000000,0x00000000fe74bd18,0x00000000fe780000)
  to   space 10752K, 0% used [0x00000000fd280000,0x00000000fd280000,0x00000000fdd00000)
 ParOldGen       total 175104K, used 11300K [0x00000000e0000000, 0x00000000eab00000, 0x00000000f5580000)
  object space 175104K, 6% used [0x00000000e0000000,0x00000000e0b09090,0x00000000eab00000)
 Metaspace       used 27151K, capacity 27702K, committed 27904K, reserved 1073152K
  class space    used 3610K, capacity 3822K, committed 3840K, reserved 1048576K
}
Event: 2.920 GC heap before
{Heap before GC invocations=6 (full 1):
 PSYoungGen      total 101888K, used 101679K [0x00000000f5580000, 0x00000000fe780000, 0x0000000100000000)
  eden space 94208K, 100% used [0x00000000f5580000,0x00000000fb180000,0x00000000fb180000)
  from space 7680K, 97% used [0x00000000fe000000,0x00000000fe74bd18,0x00000000fe780000)
  to   space 10752K, 0% used [0x00000000fd280000,0x00000000fd280000,0x00000000fdd00000)
 ParOldGen       total 175104K, used 11300K [0x00000000e0000000, 0x00000000eab00000, 0x00000000f5580000)
  object space 175104K, 6% used [0x00000000e0000000,0x00000000e0b09090,0x00000000eab00000)
 Metaspace       used 31604K, capacity 32194K, committed 32512K, reserved 1077248K
  class space    used 4352K, capacity 4571K, committed 4608K, reserved 1048576K
Event: 2.927 GC heap after
Heap after GC invocations=6 (full 1):
 PSYoungGen      total 138752K, used 10740K [0x00000000f5580000, 0x00000000ff800000, 0x0000000100000000)
  eden space 128000K, 0% used [0x00000000f5580000,0x00000000f5580000,0x00000000fd280000)
  from space 10752K, 99% used [0x00000000fd280000,0x00000000fdcfd140,0x00000000fdd00000)
  to   space 14336K, 0% used [0x00000000fea00000,0x00000000fea00000,0x00000000ff800000)
 ParOldGen       total 175104K, used 12344K [0x00000000e0000000, 0x00000000eab00000, 0x00000000f5580000)
  object space 175104K, 7% used [0x00000000e0000000,0x00000000e0c0e370,0x00000000eab00000)
 Metaspace       used 31604K, capacity 32194K, committed 32512K, reserved 1077248K
  class space    used 4352K, capacity 4571K, committed 4608K, reserved 1048576K
}
Event: 3.285 GC heap before
{Heap before GC invocations=7 (full 1):
 PSYoungGen      total 138752K, used 72656K [0x00000000f5580000, 0x00000000ff800000, 0x0000000100000000)
  eden space 128000K, 48% used [0x00000000f5580000,0x00000000f91f6f30,0x00000000fd280000)
  from space 10752K, 99% used [0x00000000fd280000,0x00000000fdcfd140,0x00000000fdd00000)
  to   space 14336K, 0% used [0x00000000fea00000,0x00000000fea00000,0x00000000ff800000)
 ParOldGen       total 175104K, used 12344K [0x00000000e0000000, 0x00000000eab00000, 0x00000000f5580000)
  object space 175104K, 7% used [0x00000000e0000000,0x00000000e0c0e370,0x00000000eab00000)
 Metaspace       used 34382K, capacity 35320K, committed 35416K, reserved 1079296K
  class space    used 4751K, capacity 5030K, committed 5120K, reserved 1048576K
Event: 3.291 GC heap after
Heap after GC invocations=7 (full 1):
 PSYoungGen      total 152064K, used 11316K [0x00000000f5580000, 0x0000000100000000, 0x0000000100000000)
  eden space 137728K, 0% used [0x00000000f5580000,0x00000000f5580000,0x00000000fdc00000)
  from space 14336K, 78% used [0x00000000fea00000,0x00000000ff50d2c0,0x00000000ff800000)
  to   space 14336K, 0% used [0x00000000fdc00000,0x00000000fdc00000,0x00000000fea00000)
 ParOldGen       total 175104K, used 12352K [0x00000000e0000000, 0x00000000eab00000, 0x00000000f5580000)
  object space 175104K, 7% used [0x00000000e0000000,0x00000000e0c10370,0x00000000eab00000)
 Metaspace       used 34382K, capacity 35320K, committed 35416K, reserved 1079296K
  class space    used 4751K, capacity 5030K, committed 5120K, reserved 1048576K
}
Event: 3.291 GC heap before
{Heap before GC invocations=8 (full 2):
 PSYoungGen      total 152064K, used 11316K [0x00000000f5580000, 0x0000000100000000, 0x0000000100000000)
  eden space 137728K, 0% used [0x00000000f5580000,0x00000000f5580000,0x00000000fdc00000)
  from space 14336K, 78% used [0x00000000fea00000,0x00000000ff50d2c0,0x00000000ff800000)
  to   space 14336K, 0% used [0x00000000fdc00000,0x00000000fdc00000,0x00000000fea00000)
 ParOldGen       total 175104K, used 12352K [0x00000000e0000000, 0x00000000eab00000, 0x00000000f5580000)
  object space 175104K, 7% used [0x00000000e0000000,0x00000000e0c10370,0x00000000eab00000)
 Metaspace       used 34382K, capacity 35320K, committed 35416K, reserved 1079296K
  class space    used 4751K, capacity 5030K, committed 5120K, reserved 1048576K
Event: 3.339 GC heap after
Heap after GC invocations=8 (full 2):
 PSYoungGen      total 152064K, used 0K [0x00000000f5580000, 0x0000000100000000, 0x0000000100000000)
  eden space 137728K, 0% used [0x00000000f5580000,0x00000000f5580000,0x00000000fdc00000)
  from space 14336K, 0% used [0x00000000fea00000,0x00000000fea00000,0x00000000ff800000)
  to   space 14336K, 0% used [0x00000000fdc00000,0x00000000fdc00000,0x00000000fea00000)
 ParOldGen       total 175616K, used 17626K [0x00000000e0000000, 0x00000000eab80000, 0x00000000f5580000)
  object space 175616K, 10% used [0x00000000e0000000,0x00000000e1136b60,0x00000000eab80000)
 Metaspace       used 34350K, capacity 35212K, committed 35416K, reserved 1079296K
  class space    used 4741K, capacity 5012K, committed 5120K, reserved 1048576K
}

